[debug] [2023-06-27T08:21:47.792Z] ----------------------------------------------------------------------
[debug] [2023-06-27T08:21:47.794Z] Command:       C:\Program Files\nodejs\node.exe C:\Users\PBICJ74.ATOMIUM\AppData\Roaming\npm\node_modules\firebase-tools\lib\bin\firebase.js init
[debug] [2023-06-27T08:21:47.794Z] CLI Version:   12.4.0
[debug] [2023-06-27T08:21:47.795Z] Platform:      win32
[debug] [2023-06-27T08:21:47.795Z] Node Version:  v18.16.0
[debug] [2023-06-27T08:21:47.797Z] Time:          Tue Jun 27 2023 10:21:47 GMT+0200 (Midden-Europese zomertijd)
[debug] [2023-06-27T08:21:47.797Z] ----------------------------------------------------------------------
[debug] 
[debug] [2023-06-27T08:21:47.808Z] > command requires scopes: ["email","openid","https://www.googleapis.com/auth/cloudplatformprojects.readonly","https://www.googleapis.com/auth/firebase","https://www.googleapis.com/auth/cloud-platform"]
[debug] [2023-06-27T08:21:47.808Z] > authorizing via signed-in user (pacifiquestormz@gmail.com)
[info] 
     ######## #### ########  ######## ########     ###     ######  ########
     ##        ##  ##     ## ##       ##     ##  ##   ##  ##       ##
     ######    ##  ########  ######   ########  #########  ######  ######
     ##        ##  ##    ##  ##       ##     ## ##     ##       ## ##
     ##       #### ##     ## ######## ########  ##     ##  ######  ########

You're about to initialize a Firebase project in this directory:

  C:\acADDemICT\GitHub\PackItRight\src

Before we get started, keep in mind:

  * You are currently outside your home directory

